This is pdfTeX, Version 3.1415926-2.5-1.40.14 (TeX Live 2013) (format=pdflatex 2015.9.10)  19 NOV 2015 13:05
entering extended mode
 restricted \write18 enabled.
 %&-line parsing enabled.
**Esmaeili_Fullerton_Report3.tex
(./Esmaeili_Fullerton_Report3.tex
LaTeX2e <2011/06/27>
Babel <v3.8m> and hyphenation patterns for english, dumylang, nohyphenation, lo
aded.
(/usr/share/texlive/texmf-dist/tex/latex/base/article.cls
Document Class: article 2007/10/19 v1.4h Standard LaTeX document class
(/usr/share/texlive/texmf-dist/tex/latex/base/size10.clo
File: size10.clo 2007/10/19 v1.4h Standard LaTeX file (size option)
)
\c@part=\count79
\c@section=\count80
\c@subsection=\count81
\c@subsubsection=\count82
\c@paragraph=\count83
\c@subparagraph=\count84
\c@figure=\count85
\c@table=\count86
\abovecaptionskip=\skip41
\belowcaptionskip=\skip42
\bibindent=\dimen102
)
(/usr/share/texlive/texmf-dist/tex/latex/amsfonts/amssymb.sty
Package: amssymb 2013/01/14 v3.01 AMS font symbols

(/usr/share/texlive/texmf-dist/tex/latex/amsfonts/amsfonts.sty
Package: amsfonts 2013/01/14 v3.01 Basic AMSFonts support
\@emptytoks=\toks14
\symAMSa=\mathgroup4
\symAMSb=\mathgroup5
LaTeX Font Info:    Overwriting math alphabet `\mathfrak' in version `bold'
(Font)                  U/euf/m/n --> U/euf/b/n on input line 106.
))
(/usr/share/texlive/texmf-dist/tex/latex/base/latexsym.sty
Package: latexsym 1998/08/17 v2.2e Standard LaTeX package (lasy symbols)
\symlasy=\mathgroup6
LaTeX Font Info:    Overwriting symbol font `lasy' in version `bold'
(Font)                  U/lasy/m/n --> U/lasy/b/n on input line 47.
)
(/usr/share/texlive/texmf-dist/tex/latex/amsmath/amsmath.sty
Package: amsmath 2013/01/14 v2.14 AMS math features
\@mathmargin=\skip43

For additional information on amsmath, use the `?' option.
(/usr/share/texlive/texmf-dist/tex/latex/amsmath/amstext.sty
Package: amstext 2000/06/29 v2.01

(/usr/share/texlive/texmf-dist/tex/latex/amsmath/amsgen.sty
File: amsgen.sty 1999/11/30 v2.0
\@emptytoks=\toks15
\ex@=\dimen103
))
(/usr/share/texlive/texmf-dist/tex/latex/amsmath/amsbsy.sty
Package: amsbsy 1999/11/29 v1.2d
\pmbraise@=\dimen104
)
(/usr/share/texlive/texmf-dist/tex/latex/amsmath/amsopn.sty
Package: amsopn 1999/12/14 v2.01 operator names
)
\inf@bad=\count87
LaTeX Info: Redefining \frac on input line 210.
\uproot@=\count88
\leftroot@=\count89
LaTeX Info: Redefining \overline on input line 306.
\classnum@=\count90
\DOTSCASE@=\count91
LaTeX Info: Redefining \ldots on input line 378.
LaTeX Info: Redefining \dots on input line 381.
LaTeX Info: Redefining \cdots on input line 466.
\Mathstrutbox@=\box26
\strutbox@=\box27
\big@size=\dimen105
LaTeX Font Info:    Redeclaring font encoding OML on input line 566.
LaTeX Font Info:    Redeclaring font encoding OMS on input line 567.
\macc@depth=\count92
\c@MaxMatrixCols=\count93
\dotsspace@=\muskip10
\c@parentequation=\count94
\dspbrk@lvl=\count95
\tag@help=\toks16
\row@=\count96
\column@=\count97
\maxfields@=\count98
\andhelp@=\toks17
\eqnshift@=\dimen106
\alignsep@=\dimen107
\tagshift@=\dimen108
\tagwidth@=\dimen109
\totwidth@=\dimen110
\lineht@=\dimen111
\@envbody=\toks18
\multlinegap=\skip44
\multlinetaggap=\skip45
\mathdisplay@stack=\toks19
LaTeX Info: Redefining \[ on input line 2665.
LaTeX Info: Redefining \] on input line 2666.
)
(/usr/share/texlive/texmf-dist/tex/latex/graphics/graphicx.sty
Package: graphicx 1999/02/16 v1.0f Enhanced LaTeX Graphics (DPC,SPQR)

(/usr/share/texlive/texmf-dist/tex/latex/graphics/keyval.sty
Package: keyval 1999/03/16 v1.13 key=value parser (DPC)
\KV@toks@=\toks20
)
(/usr/share/texlive/texmf-dist/tex/latex/graphics/graphics.sty
Package: graphics 2009/02/05 v1.0o Standard LaTeX Graphics (DPC,SPQR)

(/usr/share/texlive/texmf-dist/tex/latex/graphics/trig.sty
Package: trig 1999/03/16 v1.09 sin cos tan (DPC)
)
(/usr/share/texlive/texmf-dist/tex/latex/latexconfig/graphics.cfg
File: graphics.cfg 2010/04/23 v1.9 graphics configuration of TeX Live
)
Package graphics Info: Driver file: pdftex.def on input line 91.

(/usr/share/texlive/texmf-dist/tex/latex/pdftex-def/pdftex.def
File: pdftex.def 2011/05/27 v0.06d Graphics/color for pdfTeX

(/usr/share/texlive/texmf-dist/tex/generic/oberdiek/infwarerr.sty
Package: infwarerr 2010/04/08 v1.3 Providing info/warning/error messages (HO)
)
(/usr/share/texlive/texmf-dist/tex/generic/oberdiek/ltxcmds.sty
Package: ltxcmds 2011/11/09 v1.22 LaTeX kernel commands for general use (HO)
)
\Gread@gobject=\count99
))
\Gin@req@height=\dimen112
\Gin@req@width=\dimen113
)
(/usr/share/texlive/texmf-dist/tex/latex/listings/listings.sty
\lst@mode=\count100
\lst@gtempboxa=\box28
\lst@token=\toks21
\lst@length=\count101
\lst@currlwidth=\dimen114
\lst@column=\count102
\lst@pos=\count103
\lst@lostspace=\dimen115
\lst@width=\dimen116
\lst@newlines=\count104
\lst@lineno=\count105
\lst@maxwidth=\dimen117

(/usr/share/texlive/texmf-dist/tex/latex/listings/lstmisc.sty
File: lstmisc.sty 2007/02/22 1.4 (Carsten Heinz)
\c@lstnumber=\count106
\lst@skipnumbers=\count107
\lst@framebox=\box29
)
(/usr/share/texlive/texmf-dist/tex/latex/listings/listings.cfg
File: listings.cfg 2007/02/22 1.4 listings configuration
))
Package: listings 2007/02/22 1.4 (Carsten Heinz)
\c@theorem=\count108

(./Esmaeili_Fullerton_Report3.aux)
\openout1 = `Esmaeili_Fullerton_Report3.aux'.

LaTeX Font Info:    Checking defaults for OML/cmm/m/it on input line 30.
LaTeX Font Info:    ... okay on input line 30.
LaTeX Font Info:    Checking defaults for T1/cmr/m/n on input line 30.
LaTeX Font Info:    ... okay on input line 30.
LaTeX Font Info:    Checking defaults for OT1/cmr/m/n on input line 30.
LaTeX Font Info:    ... okay on input line 30.
LaTeX Font Info:    Checking defaults for OMS/cmsy/m/n on input line 30.
LaTeX Font Info:    ... okay on input line 30.
LaTeX Font Info:    Checking defaults for OMX/cmex/m/n on input line 30.
LaTeX Font Info:    ... okay on input line 30.
LaTeX Font Info:    Checking defaults for U/cmr/m/n on input line 30.
LaTeX Font Info:    ... okay on input line 30.

(/usr/share/texlive/texmf-dist/tex/context/base/supp-pdf.mkii
[Loading MPS to PDF converter (version 2006.09.02).]
\scratchcounter=\count109
\scratchdimen=\dimen118
\scratchbox=\box30
\nofMPsegments=\count110
\nofMParguments=\count111
\everyMPshowfont=\toks22
\MPscratchCnt=\count112
\MPscratchDim=\dimen119
\MPnumerator=\count113
\makeMPintoPDFobject=\count114
\everyMPtoPDFconversion=\toks23
) (/usr/share/texlive/texmf-dist/tex/generic/oberdiek/pdftexcmds.sty
Package: pdftexcmds 2011/11/29 v0.20 Utility functions of pdfTeX for LuaTeX (HO
)

(/usr/share/texlive/texmf-dist/tex/generic/oberdiek/ifluatex.sty
Package: ifluatex 2010/03/01 v1.3 Provides the ifluatex switch (HO)
Package ifluatex Info: LuaTeX not detected.
)
(/usr/share/texlive/texmf-dist/tex/generic/oberdiek/ifpdf.sty
Package: ifpdf 2011/01/30 v2.3 Provides the ifpdf switch (HO)
Package ifpdf Info: pdfTeX in PDF mode is detected.
)
Package pdftexcmds Info: LuaTeX not detected.
Package pdftexcmds Info: \pdf@primitive is available.
Package pdftexcmds Info: \pdf@ifprimitive is available.
Package pdftexcmds Info: \pdfdraftmode found.
)
(/usr/share/texlive/texmf-dist/tex/latex/oberdiek/epstopdf-base.sty
Package: epstopdf-base 2010/02/09 v2.5 Base part for package epstopdf

(/usr/share/texlive/texmf-dist/tex/latex/oberdiek/grfext.sty
Package: grfext 2010/08/19 v1.1 Manage graphics extensions (HO)

(/usr/share/texlive/texmf-dist/tex/generic/oberdiek/kvdefinekeys.sty
Package: kvdefinekeys 2011/04/07 v1.3 Define keys (HO)
))
(/usr/share/texlive/texmf-dist/tex/latex/oberdiek/kvoptions.sty
Package: kvoptions 2011/06/30 v3.11 Key value format for package options (HO)

(/usr/share/texlive/texmf-dist/tex/generic/oberdiek/kvsetkeys.sty
Package: kvsetkeys 2012/04/25 v1.16 Key value parser (HO)

(/usr/share/texlive/texmf-dist/tex/generic/oberdiek/etexcmds.sty
Package: etexcmds 2011/02/16 v1.5 Avoid name clashes with e-TeX commands (HO)
Package etexcmds Info: Could not find \expanded.
(etexcmds)             That can mean that you are not using pdfTeX 1.50 or
(etexcmds)             that some package has redefined \expanded.
(etexcmds)             In the latter case, load this package earlier.
)))
Package grfext Info: Graphics extension search list:
(grfext)             [.png,.pdf,.jpg,.mps,.jpeg,.jbig2,.jb2,.PNG,.PDF,.JPG,.JPE
G,.JBIG2,.JB2,.eps]
(grfext)             \AppendGraphicsExtensions on input line 452.

(/usr/share/texlive/texmf-dist/tex/latex/latexconfig/epstopdf-sys.cfg
File: epstopdf-sys.cfg 2010/07/13 v1.3 Configuration of (r)epstopdf for TeX Liv
e
))
\c@lstlisting=\count115
LaTeX Font Info:    Try loading font information for U+msa on input line 34.

(/usr/share/texlive/texmf-dist/tex/latex/amsfonts/umsa.fd
File: umsa.fd 2013/01/14 v3.01 AMS symbols A
)
LaTeX Font Info:    Try loading font information for U+msb on input line 34.

(/usr/share/texlive/texmf-dist/tex/latex/amsfonts/umsb.fd
File: umsb.fd 2013/01/14 v3.01 AMS symbols B
)
LaTeX Font Info:    Try loading font information for U+lasy on input line 34.

(/usr/share/texlive/texmf-dist/tex/latex/base/ulasy.fd
File: ulasy.fd 1998/08/17 v2.2e LaTeX symbol font definitions
)
Underfull \hbox (badness 10000) in paragraph at lines 57--59

 []

[1

{/usr/share/texlive/texmf/fonts/map/pdftex/updmap/pdftex.map}]
<IRSensors.png, id=12, 297.11pt x 284.06125pt>
File: IRSensors.png Graphic file (type png)
 <use IRSensors.png>
Package pdftex.def Info: IRSensors.png used on input line 68.
(pdftex.def)             Requested size: 148.55463pt x 142.03026pt.

<obstacles.png, id=13, 702.625pt x 602.25pt>
File: obstacles.png Graphic file (type png)
 <use obstacles.png>
Package pdftex.def Info: obstacles.png used on input line 69.
(pdftex.def)             Requested size: 175.6558pt x 150.56212pt.

Underfull \hbox (badness 10000) in paragraph at lines 88--90

 []

[2 <./IRSensors.png> <./obstacles.png>]
<A_1.png, id=20, 609.27625pt x 202.7575pt>
File: A_1.png Graphic file (type png)
 <use A_1.png>
Package pdftex.def Info: A_1.png used on input line 106.
(pdftex.def)             Requested size: 304.63737pt x 101.3785pt.
 [3 <./A_1.png>]
<A_2.png, id=25, 794.97pt x 430.60875pt>
File: A_2.png Graphic file (type png)
 <use A_2.png>
Package pdftex.def Info: A_2.png used on input line 115.
(pdftex.def)             Requested size: 317.98236pt x 172.24043pt.

<A_3.png, id=26, 120.45pt x 65.24374pt>
File: A_3.png Graphic file (type png)
 <use A_3.png>
Package pdftex.def Info: A_3.png used on input line 116.
(pdftex.def)             Requested size: 257.76225pt x 139.6212pt.

Underfull \hbox (badness 10000) in paragraph at lines 122--124

 []


Underfull \hbox (badness 10000) in paragraph at lines 129--131

 []

[4 <./A_2.png> <./A_3.png>]
Overfull \hbox (89.67055pt too wide) in paragraph at lines 133--144
 [] 
 []

<A_4.png, id=33, 536.0025pt x 294.09875pt>
File: A_4.png Graphic file (type png)
 <use A_4.png>
Package pdftex.def Info: A_4.png used on input line 149.
(pdftex.def)             Requested size: 187.60368pt x 102.9361pt.

<A_5.png, id=34, 626.34pt x 345.29pt>
File: A_5.png Graphic file (type png)
 <use A_5.png>
Package pdftex.def Info: A_5.png used on input line 150.
(pdftex.def)             Requested size: 187.90344pt x 103.58778pt.
 [5 <./A_4.png> <./A_5.png>]
Underfull \hbox (badness 10000) in paragraph at lines 166--168

 []

<Food_Area.png, id=40, 803.0pt x 602.25pt>
File: Food_Area.png Graphic file (type png)
 <use Food_Area.png>
Package pdftex.def Info: Food_Area.png used on input line 177.
(pdftex.def)             Requested size: 361.34666pt x 271.01pt.

Underfull \hbox (badness 10000) in paragraph at lines 173--181

 []

[6] <InfiniteLoop.png, id=45, 702.625pt x 602.25pt>
File: InfiniteLoop.png Graphic file (type png)
 <use InfiniteLoop.png>
Package pdftex.def Info: InfiniteLoop.png used on input line 191.
(pdftex.def)             Requested size: 245.92242pt x 210.79065pt.


LaTeX Warning: `h' float specifier changed to `ht'.

<Food_choices.png, id=46, 642.4pt x 481.8pt>
File: Food_choices.png Graphic file (type png)
 <use Food_choices.png>
Package pdftex.def Info: Food_choices.png used on input line 198.
(pdftex.def)             Requested size: 321.19922pt x 240.8994pt.


LaTeX Warning: `h' float specifier changed to `ht'.

[7 <./Food_Area.png>]
(/usr/share/texlive/texmf-dist/tex/latex/listings/lstlang1.sty
File: lstlang1.sty 2004/09/05 1.3 listings language file
) (../start.m)
(../robot3_controller.m
Overfull \hbox (20.73447pt too wide) in paragraph at lines 2--3
[][][][][][][][][][][][][][][][][][][][][][][][][][][][][][] 
 []


Overfull \hbox (86.73514pt too wide) in paragraph at lines 5--6
[][][][][][][][][][][][][][][][][][][][][][][][][][][][][][][][][][][][] 
 []

[8 <./InfiniteLoop.png>]
LaTeX Font Info:    Try loading font information for OML+cmr on input line 20.

(/usr/share/texlive/texmf-dist/tex/latex/base/omlcmr.fd
File: omlcmr.fd 1999/05/25 v2.5h Standard LaTeX font definitions
)
LaTeX Font Info:    Font shape `OML/cmr/m/it' in size <10> not available
(Font)              Font shape `OML/cmm/m/it' tried instead on input line 20.

Overfull \hbox (20.73447pt too wide) in paragraph at lines 26--27
[][][][][][][][][][][][][][][][][][][][][][][][][][][][][] 
 []


Overfull \hbox (8.73434pt too wide) in paragraph at lines 31--32
[][][][][][][][][][][][][][][][][][][][][][][][][][][][][][][][][][][] 
 []


Overfull \hbox (56.7348pt too wide) in paragraph at lines 32--33
[][][][][][][][][][][][][][][][][][][][][][][][][][][][][][][][][][][][] 
 []

[9 <./Food_choices.png>]
Overfull \hbox (38.73465pt too wide) in paragraph at lines 44--45
[][][][][][][][][][][][][][][] 
 []


Overfull \hbox (212.73642pt too wide) in paragraph at lines 52--53
[][][][][][][][][][][][][][][][][][][][][][][][][] 
 []


Overfull \hbox (296.73727pt too wide) in paragraph at lines 60--62
[][][][][][][][][][][][][][][][][][][][][][][][][][][][][][][] 
 []


Overfull \hbox (32.73459pt too wide) in paragraph at lines 78--80
[][][][][][][][][][][][][][][][][][][][][][][][][] 
 []

LaTeX Font Info:    Font shape `OML/cmr/m/n' in size <10> not available
(Font)              Font shape `OML/cmm/m/it' tried instead on input line 84.
[10]
LaTeX Font Info:    Try loading font information for OMS+cmr on input line 138.

 (/usr/share/texlive/texmf-dist/tex/latex/base/omscmr.fd
File: omscmr.fd 1999/05/25 v2.5h Standard LaTeX font definitions
)
LaTeX Font Info:    Font shape `OMS/cmr/m/n' in size <10> not available
(Font)              Font shape `OMS/cmsy/m/n' tried instead on input line 138.
 [11]
Overfull \hbox (56.73483pt too wide) in paragraph at lines 157--158
[][][][][][][][][][][][][][][][][][][][][][][][][][][][][][][][][][][][] 
 []


Overfull \hbox (62.7349pt too wide) in paragraph at lines 178--180
[][][][][][][][][][][][][][][][][][][] 
 []


Overfull \hbox (2.73428pt too wide) in paragraph at lines 193--194
[][][][][][][][][][][][][][][][][][][][][][] 
 []

[12]
Overfull \hbox (8.73434pt too wide) in paragraph at lines 202--203
[][][][][][][][][][][][][][][][][][][][][][][] 
 []


Overfull \hbox (8.73434pt too wide) in paragraph at lines 212--213
[][][][][][][][][][][][][][][][][][][][][][][] 
 []


Overfull \hbox (14.7344pt too wide) in paragraph at lines 220--221
[][][][][][][][][][][][][][][][][][][][][][][] 
 []


Overfull \hbox (14.7344pt too wide) in paragraph at lines 228--229
[][][][][][][][][][][][][][][][][][][][][][] 
 []

[13]
Overfull \hbox (38.73465pt too wide) in paragraph at lines 263--264
[][][][][][][][][][][][][][][][][][][][][][][][][][] 
 []

) [14] (../wheel_speeds.m
Overfull \hbox (308.7374pt too wide) in paragraph at lines 1--2
[][][][][][][][][][][][][][][][][][][][][][][][][][][][][][][][] 
 []

) (../odometery.m
LaTeX Font Info:    Font shape `OMS/cmr/m/it' in size <10> not available
(Font)              Font shape `OMS/cmsy/m/n' tried instead on input line 6.
) (../home_direction.m
Overfull \hbox (80.73508pt too wide) in paragraph at lines 2--3
[][][][][][][][][][][][][][][][][][][][][][][][][][][][][][][][][][] 
 []

[15] [16]
Overfull \hbox (656.74094pt too wide) in paragraph at lines 76--77
[][][][][][][][][][][][][][][][][][][][][][][][][][][][][][][][][][][][][][][][
][][][][][][][][][][][][][][][][][][][][][][][][][][][][][] 
 []

) (../food_direction.m
Overfull \hbox (80.73508pt too wide) in paragraph at lines 2--3
[][][][][][][][][][][][][][][][][][][][][][][][][][][][][][][][][][] 
 []

[17]
Overfull \hbox (656.74094pt too wide) in paragraph at lines 83--84
[][][][][][][][][][][][][][][][][][][][][][][][][][][][][][][][][][][][][][][][
][][][][][][][][][][][][][][][][][][][][][][][][][][][][][] 
 []

) (../food_memory_correction.m
Overfull \hbox (2.73428pt too wide) in paragraph at lines 1--2
[][][][][][][][][][][][][][][] 
 []

[18]) (../led_3_times.m [19]) [20] (./Esmaeili_Fullerton_Report3.aux) ) 
Here is how much of TeX's memory you used:
 4410 strings out of 495063
 59313 string characters out of 3182201
 175209 words of memory out of 3000000
 7494 multiletter control sequences out of 15000+200000
 13092 words of font info for 54 fonts, out of 3000000 for 9000
 14 hyphenation exceptions out of 8191
 38i,7n,43p,1391b,1506s stack positions out of 5000i,500n,10000p,200000b,50000s
</usr/sh
are/texlive/texmf-dist/fonts/type1/public/amsfonts/cm/cmbx10.pfb></usr/share/te
xlive/texmf-dist/fonts/type1/public/amsfonts/cm/cmbx12.pfb></usr/share/texlive/
texmf-dist/fonts/type1/public/amsfonts/cm/cmbx9.pfb></usr/share/texlive/texmf-d
ist/fonts/type1/public/amsfonts/cm/cmmi10.pfb></usr/share/texlive/texmf-dist/fo
nts/type1/public/amsfonts/cm/cmr10.pfb></usr/share/texlive/texmf-dist/fonts/typ
e1/public/amsfonts/cm/cmr12.pfb></usr/share/texlive/texmf-dist/fonts/type1/publ
ic/amsfonts/cm/cmr17.pfb></usr/share/texlive/texmf-dist/fonts/type1/public/amsf
onts/cm/cmr9.pfb></usr/share/texlive/texmf-dist/fonts/type1/public/amsfonts/cm/
cmsy10.pfb></usr/share/texlive/texmf-dist/fonts/type1/public/amsfonts/cm/cmti10
.pfb>
Output written on Esmaeili_Fullerton_Report3.pdf (20 pages, 641436 bytes).
PDF statistics:
 129 PDF objects out of 1000 (max. 8388607)
 77 compressed objects within 1 object stream
 0 named destinations out of 1000 (max. 500000)
 51 words of extra memory for PDF output out of 10000 (max. 10000000)

